\BOOKMARK [0][-]{chapter.1}{\376\377\0002\0000\0002\0003\0000\0009\0000\0004\000\137\0000\0001}{}% 1
\BOOKMARK [1][-]{section.1.1}{\376\377\060\020\134\016\212\000\060\021}{chapter.1}% 2
\BOOKMARK [1][-]{section.1.2}{\376\377\060\020\172\005\166\356\060\021}{chapter.1}% 3
\BOOKMARK [0][-]{chapter.2}{\376\377\0002\0000\0002\0003\0000\0009\0000\0004\000\137\0000\0002}{}% 4
\BOOKMARK [1][-]{section.2.1}{\376\377\060\020\175\234\142\100\172\005\127\050\142\021\127\013\172\005\122\066\166\204\127\060\117\115\060\021}{chapter.2}% 5
\BOOKMARK [1][-]{section.2.2}{\376\377\060\020\142\100\137\227\172\005\154\325\166\204\211\217\173\304\147\266\151\313\060\021}{chapter.2}% 6
\BOOKMARK [0][-]{chapter.3}{\376\377\0002\0000\0002\0003\0000\0009\0001\0001\000\137\0000\0001}{}% 7
\BOOKMARK [1][-]{section.3.1}{\376\377\060\020\172\005\154\325\211\217\173\304\232\324\174\373\060\021}{chapter.3}% 8
\BOOKMARK [1][-]{section.3.2}{\376\377\060\020\172\005\154\325\116\012\151\313\142\020\211\201\116\366\060\021}{chapter.3}% 9
\BOOKMARK [2][-]{subsection.3.2.1}{\376\377\060\020\116\073\232\324\060\021}{section.3.2}% 10
\BOOKMARK [2][-]{subsection.3.2.2}{\376\377\060\020\133\242\232\324\060\021}{section.3.2}% 11
\BOOKMARK [2][-]{subsection.3.2.3}{\376\377\060\020\172\005\127\372\060\021}{section.3.2}% 12
\BOOKMARK [2][-]{subsection.3.2.4}{\376\377\060\020\172\005\163\207\060\021}{section.3.2}% 13
\BOOKMARK [1][-]{section.3.3}{\376\377\060\020\172\005\154\325\116\012\154\325\137\213\145\110\147\234\060\021}{chapter.3}% 14
\BOOKMARK [1][-]{section.3.4}{\376\377\060\020\121\215\212\307\172\005\154\325\211\217\173\304\232\324\174\373\060\021}{chapter.3}% 15
\BOOKMARK [1][-]{section.3.5}{\376\377\060\020\225\213\131\313\167\013\154\325\150\235\060\021}{chapter.3}% 16
\BOOKMARK [2][-]{subsection.3.5.1}{\376\377\060\020\0001\000\176\0003\000-\0003\060\021}{section.3.5}% 17
\BOOKMARK [2][-]{subsection.3.5.2}{\376\377\060\020\142\100\137\227\172\005\154\325\173\054\0004\150\235\060\021}{section.3.5}% 18
\BOOKMARK [0][-]{chapter.4}{\376\377\0002\0000\0002\0003\0000\0009\0001\0001\000\137\0000\0002}{}% 19
\BOOKMARK [1][-]{section.4.1}{\376\377\060\020\220\031\133\170\147\037\143\210\212\262\173\304\127\015\377\014\220\020\150\235\174\041\147\220\060\021}{chapter.4}% 20
\BOOKMARK [1][-]{section.4.2}{\376\377\060\020\221\317\200\375\212\262\172\005\123\237\122\107\166\204\124\004\230\005\133\120\123\237\122\107\060\021}{chapter.4}% 21
\BOOKMARK [0][-]{chapter.5}{\376\377\0002\0000\0002\0003\0000\0009\0001\0008\000\137\0000\0001}{}% 22
\BOOKMARK [1][-]{section.5.1}{\376\377\060\020\221\317\200\375\212\262\172\005\123\237\122\107\166\204\141\262\154\325\116\012\141\017\177\251\060\021}{chapter.5}% 23
\BOOKMARK [1][-]{section.5.2}{\376\377\060\020\221\317\200\375\212\262\172\005\123\237\122\107\166\204\124\004\230\005\133\120\123\237\122\107\127\050\175\234\142\100\172\005\116\012\166\204\220\125\123\315\060\021}{chapter.5}% 24
\BOOKMARK [2][-]{subsection.5.2.1}{\376\377\060\020\173\054\116\000\230\005\146\156\220\115\123\237\122\107\060\021}{section.5.2}% 25
\BOOKMARK [2][-]{subsection.5.2.2}{\376\377\060\020\173\054\116\214\230\005\121\150\220\350\123\237\122\107\123\312\121\166\137\214\124\004\230\005\060\021}{section.5.2}% 26
\BOOKMARK [0][-]{chapter.6}{\376\377\0002\0000\0002\0003\0000\0009\0001\0008\000\137\0000\0002}{}% 27
\BOOKMARK [1][-]{section.6.1}{\376\377\060\020\172\005\143\120\116\073\232\324\151\313\142\020\211\201\116\366\060\021}{chapter.6}% 28
\BOOKMARK [0][-]{chapter.7}{\376\377\0002\0000\0002\0003\0000\0009\0002\0005\000\137\0000\0001}{}% 29
\BOOKMARK [1][-]{section.7.1}{\376\377\060\020\172\005\174\115\060\001\127\013\174\115\060\001\142\066\174\115\060\021}{chapter.7}% 30
\BOOKMARK [1][-]{section.7.2}{\376\377\060\020\220\172\215\010\172\005\154\325\166\204\172\005\174\115\060\021}{chapter.7}% 31
\BOOKMARK [1][-]{section.7.3}{\376\377\060\020\172\005\174\115\220\043\175\120\142\066\174\115\060\021}{chapter.7}% 32
\BOOKMARK [2][-]{subsection.7.3.1}{\376\377\060\020\142\100\137\227\127\372\147\054\172\005\230\115\150\235\117\213\060\021}{section.7.3}% 33
\BOOKMARK [2][-]{subsection.7.3.2}{\376\377\060\020\127\037\127\060\172\005\154\325\173\054\0009\150\235\060\021}{section.7.3}% 34
\BOOKMARK [1][-]{section.7.4}{\376\377\060\020\134\017\175\120\060\021}{chapter.7}% 35
\BOOKMARK [0][-]{chapter.8}{\376\377\0002\0000\0002\0003\0000\0009\0002\0005\000\137\0000\0002}{}% 36
\BOOKMARK [1][-]{section.8.1}{\376\377\060\020\142\100\137\227\172\005\172\005\143\120\133\242\232\324\116\113\122\044\145\267\155\101\172\013\060\021}{chapter.8}% 37
\BOOKMARK [1][-]{section.8.2}{\376\377\060\020\142\100\137\227\166\204\151\202\137\365\157\024\213\212\060\021}{chapter.8}% 38
\BOOKMARK [1][-]{section.8.3}{\376\377\060\020\142\021\127\013\166\204\142\100\137\227\151\202\137\365\060\021}{chapter.8}% 39
\BOOKMARK [1][-]{section.8.4}{\376\377\060\020\146\057\124\046\142\100\137\227\116\113\122\044\145\267\060\021}{chapter.8}% 40
\BOOKMARK [0][-]{chapter.9}{\376\377\0002\0000\0002\0003\0001\0000\0000\0002\000\137\0000\0001}{}% 41
\BOOKMARK [1][-]{section.9.1}{\376\377\060\020\144\015\131\061\210\334\121\037\060\021}{chapter.9}% 42
\BOOKMARK [1][-]{section.9.2}{\376\377\060\020\213\212\122\325\142\100\137\227\060\021}{chapter.9}% 43
\BOOKMARK [1][-]{section.9.3}{\376\377\060\020\117\335\226\252\175\146\116\330\060\021}{chapter.9}% 44
\BOOKMARK [0][-]{chapter.10}{\376\377\0002\0000\0002\0003\0001\0000\0000\0002\000\137\0000\0002}{}% 45
\BOOKMARK [1][-]{section.10.1}{\376\377\060\020\117\341\212\027\214\241\165\042\166\204\171\373\122\325\060\021}{chapter.10}% 46
\BOOKMARK [1][-]{section.10.2}{\376\377\060\020\200\241\153\076\116\113\142\225\121\145\215\337\123\326\126\336\060\021}{chapter.10}% 47
\BOOKMARK [1][-]{section.10.3}{\376\377\060\020\141\311\172\005\142\100\137\227\142\026\121\115\172\005\142\100\137\227\060\021}{chapter.10}% 48
\BOOKMARK [2][-]{subsection.10.3.1}{\376\377\060\020\133\346\165\050\140\047\123\237\122\107\060\021}{section.10.3}% 49
\BOOKMARK [2][-]{subsection.10.3.2}{\376\377\060\020\122\237\176\076\123\237\122\107\060\021}{section.10.3}% 50
\BOOKMARK [2][-]{subsection.10.3.3}{\376\377\060\020\227\000\211\201\123\237\122\107\060\021}{section.10.3}% 51
\BOOKMARK [2][-]{subsection.10.3.4}{\376\377\060\020\220\177\121\115\221\315\211\007\212\262\172\005\060\021}{section.10.3}% 52
\BOOKMARK [2][-]{subsection.10.3.5}{\376\377\060\020\213\111\116\244\172\005\116\343\146\377\213\111\142\100\172\005\377\037\060\021}{section.10.3}% 53
\BOOKMARK [0][-]{chapter.11}{\376\377\0002\0000\0002\0003\0001\0000\0001\0006\000\137\0000\0001}{}% 54
\BOOKMARK [1][-]{section.11.1}{\376\377\060\020\142\100\137\227\230\136\127\213\060\021}{chapter.11}% 55
\BOOKMARK [2][-]{subsection.11.1.1}{\376\377\060\020\116\011\236\336\123\100\122\045\133\346\166\312\060\021}{section.11.1}% 56
\BOOKMARK [1][-]{section.11.2}{\376\377\060\020\173\054\116\000\230\136\000\040\161\337\122\051\142\100\137\227\060\021}{chapter.11}% 57
\BOOKMARK [1][-]{section.11.3}{\376\377\060\020\173\054\116\214\230\136\000\040\205\252\214\307\142\100\137\227\060\021}{chapter.11}% 58
\BOOKMARK [1][-]{section.11.4}{\376\377\060\020\173\054\116\214\230\136\000\040\127\367\210\114\151\155\122\331\142\100\137\227\060\021}{chapter.11}% 59
\BOOKMARK [0][-]{chapter.12}{\376\377\0002\0000\0002\0003\0001\0000\0001\0006\000\137\0000\0002}{}% 60
\BOOKMARK [1][-]{section.12.1}{\376\377\060\020\176\174\176\214\212\307\163\150\172\313\122\336\122\331\060\021}{chapter.12}% 61
\BOOKMARK [2][-]{subsection.12.1.1}{\376\377\060\020\176\174\176\214\212\307\127\367\210\114\151\155\122\331\060\021}{section.12.1}% 62
\BOOKMARK [2][-]{subsection.12.1.2}{\376\377\060\020\217\262\157\001\162\147\147\227\171\046\060\021}{section.12.1}% 63
\BOOKMARK [1][-]{section.12.2}{\376\377\060\020\227\136\163\150\172\313\122\336\122\331\060\021}{chapter.12}% 64
\BOOKMARK [1][-]{section.12.3}{\376\377\060\020\214\307\147\054\142\225\121\145\060\021}{chapter.12}% 65
\BOOKMARK [1][-]{section.12.4}{\376\377\060\020\134\017\175\120\060\021}{chapter.12}% 66
\BOOKMARK [0][-]{chapter.13}{\376\377\0002\0000\0002\0003\0001\0000\0002\0003\000\137\0000\0001}{}% 67
\BOOKMARK [1][-]{section.13.1}{\376\377\060\020\176\174\176\214\212\307\142\100\137\227\230\136\127\213\060\021}{chapter.13}% 68
\BOOKMARK [1][-]{section.13.2}{\376\377\060\020\116\000\146\102\140\047\060\021}{chapter.13}% 69
\BOOKMARK [0][-]{chapter.14}{\376\377\0002\0000\0002\0003\0001\0000\0002\0003\000\137\0000\0002}{}% 70
\BOOKMARK [1][-]{section.14.1}{\376\377\060\020\142\100\137\227\116\113\133\346\163\376\146\102\060\021}{chapter.14}% 71
\BOOKMARK [1][-]{section.14.2}{\376\377\060\020\142\100\137\227\133\346\163\376\127\060\236\336\060\021}{chapter.14}% 72
\BOOKMARK [1][-]{section.14.3}{\376\377\060\020\175\120\212\236\060\021}{chapter.14}% 73
\BOOKMARK [0][-]{chapter.15}{\376\377\0002\0000\0002\0003\0001\0000\0003\0000\000\137\0000\0001}{}% 74
\BOOKMARK [1][-]{section.15.1}{\376\377\060\020\142\100\137\227\133\346\163\376\127\060\060\021}{chapter.15}% 75
\BOOKMARK [1][-]{section.15.2}{\376\377\060\020\142\100\137\227\117\206\156\220\123\100\122\006\133\346\166\312\060\021}{chapter.15}% 76
\BOOKMARK [1][-]{section.15.3}{\376\377\060\020\173\054\0008\150\235\377\014\116\055\203\357\154\021\127\013\117\206\156\220\060\021}{chapter.15}% 77
\BOOKMARK [0][-]{chapter.16}{\376\377\0002\0000\0002\0003\0001\0000\0003\0000\000\137\0000\0002}{}% 78
\BOOKMARK [1][-]{section.16.1}{\376\377\060\020\176\174\176\214\377\014\173\054\0008\150\235\377\014\117\206\156\220\142\100\137\227\212\215\133\232\123\237\122\107\060\021}{chapter.16}% 79
\BOOKMARK [2][-]{subsection.16.1.1}{\376\377\060\020\173\054\0002\236\336\377\014\200\241\122\051\060\021}{section.16.1}% 80
\BOOKMARK [2][-]{subsection.16.1.2}{\376\377\060\020\173\054\0003\236\336\377\014\166\310\231\030\060\021}{section.16.1}% 81
\BOOKMARK [2][-]{subsection.16.1.3}{\376\377\060\020\173\054\0004\236\336\377\014\122\336\122\331\130\061\221\154\060\021}{section.16.1}% 82
\BOOKMARK [0][-]{chapter.17}{\376\377\0002\0000\0002\0003\0001\0001\0000\0006\000\137\0000\0001}{}% 83
\BOOKMARK [1][-]{section.17.1}{\376\377\060\020\142\100\213\002\166\204\116\055\203\357\154\021\127\013\230\030\127\337\060\021}{chapter.17}% 84
\BOOKMARK [1][-]{section.17.2}{\376\377\060\020\142\100\137\227\117\206\156\220\127\060\116\113\126\333\120\013\122\044\145\267\152\031\156\226\377\014\151\202\212\254\060\021}{chapter.17}% 85
\BOOKMARK [2][-]{subsection.17.2.1}{\376\377\060\020\142\100\127\050\127\060\212\262\172\005\123\237\122\107\060\021}{section.17.2}% 86
\BOOKMARK [2][-]{subsection.17.2.2}{\376\377\060\020\122\336\122\331\377\032\175\223\161\337\127\060\060\001\134\145\210\114\127\060\060\021}{section.17.2}% 87
\BOOKMARK [2][-]{subsection.17.2.3}{\376\377\060\020\120\265\122\331\116\272\172\005\174\115\060\021}{section.17.2}% 88
\BOOKMARK [1][-]{section.17.3}{\376\377\060\020\133\346\214\352\122\044\145\267\152\031\156\226\060\021}{chapter.17}% 89
\BOOKMARK [1][-]{section.17.4}{\376\377\060\020\227\136\163\150\172\313\122\336\122\331\202\007\161\337\122\051\116\213\151\155\060\021}{chapter.17}% 90
\BOOKMARK [1][-]{section.17.5}{\376\377\060\020\227\136\172\005\174\115\134\105\154\021\127\050\142\021\127\013\130\203\121\147\060\021}{chapter.17}% 91
\BOOKMARK [0][-]{chapter.18}{\376\377\0002\0000\0002\0003\0001\0001\0000\0006\000\137\0000\0002}{}% 92
\BOOKMARK [1][-]{section.18.1}{\376\377\060\020\133\163\140\157\377\014\123\100\122\006\214\307\147\054\230\136\127\213\060\021}{chapter.18}% 93
\BOOKMARK [2][-]{subsection.18.1.1}{\376\377\060\020\200\241\122\051\060\021}{section.18.1}% 94
\BOOKMARK [2][-]{subsection.18.1.2}{\376\377\060\020\122\051\140\157\060\021}{section.18.1}% 95
\BOOKMARK [2][-]{subsection.18.1.3}{\376\377\060\020\214\241\165\042\116\113\133\163\140\157\377\014\171\337\221\321\060\021}{section.18.1}% 96
\BOOKMARK [2][-]{subsection.18.1.4}{\376\377\060\020\153\012\122\051\221\321\060\021}{section.18.1}% 97
\BOOKMARK [1][-]{section.18.2}{\376\377\060\020\214\241\165\042\116\244\146\023\060\021}{chapter.18}% 98
\BOOKMARK [1][-]{section.18.3}{\376\377\060\020\145\077\136\234\155\076\231\320\060\021}{chapter.18}% 99
\BOOKMARK [1][-]{section.18.4}{\376\377\060\020\130\203\121\147\175\223\161\337\060\021}{chapter.18}% 100
\BOOKMARK [1][-]{section.18.5}{\376\377\060\020\172\366\142\200\060\001\172\366\214\375\060\001\152\137\147\003\116\055\163\116\060\021}{chapter.18}% 101
\BOOKMARK [1][-]{section.18.6}{\376\377\060\020\121\166\116\326\145\066\166\312\060\021}{chapter.18}% 102
\BOOKMARK [1][-]{section.18.7}{\376\377\060\020\172\005\143\120\133\242\232\324\134\017\175\120\060\021}{chapter.18}% 103
\BOOKMARK [1][-]{section.18.8}{\376\377\060\020\172\005\127\372\060\021}{chapter.18}% 104
\BOOKMARK [1][-]{section.18.9}{\376\377\060\020\133\242\211\300\202\007\116\073\211\300\121\310\142\100\137\227\060\021}{chapter.18}% 105
\BOOKMARK [0][-]{chapter.19}{\376\377\0002\0000\0002\0003\0001\0001\0001\0001\000\137\0000\0001}{}% 106
\BOOKMARK [1][-]{section.19.1}{\376\377\060\020\172\005\127\372\060\021}{chapter.19}% 107
\BOOKMARK [2][-]{subsection.19.1.1}{\376\377\060\020\166\310\206\147\116\222\142\265\060\021}{section.19.1}% 108
\BOOKMARK [1][-]{section.19.2}{\376\377\060\020\165\037\133\130\153\012\117\335\226\234\060\021}{chapter.19}% 109
\BOOKMARK [1][-]{section.19.3}{\376\377\060\020\122\027\202\011\142\143\226\144\230\115\060\021}{chapter.19}% 110
\BOOKMARK [0][-]{chapter.20}{\376\377\0002\0000\0002\0003\0001\0001\0001\0001\000\137\0000\0002}{}% 111
\BOOKMARK [1][-]{section.20.1}{\376\377\060\020\133\242\211\300\121\300\120\074\060\021}{chapter.20}% 112
\BOOKMARK [1][-]{section.20.2}{\376\377\060\020\116\073\211\300\121\300\120\074\060\021}{chapter.20}% 113
\BOOKMARK [2][-]{subsection.20.2.1}{\376\377\060\020\121\115\172\005\230\115\060\021}{section.20.2}% 114
\BOOKMARK [2][-]{subsection.20.2.2}{\376\377\060\020\122\027\202\011\142\143\226\144\230\115\060\021}{section.20.2}% 115
\BOOKMARK [2][-]{subsection.20.2.3}{\376\377\060\020\162\171\122\045\142\143\226\144\230\115\060\021}{section.20.2}% 116
\BOOKMARK [1][-]{section.20.3}{\376\377\060\020\172\005\143\120\151\313\142\020\211\201\116\366\134\017\175\120\060\021}{chapter.20}% 117
\BOOKMARK [0][-]{chapter.21}{\376\377\0002\0000\0002\0003\0001\0001\0002\0000\000\137\0000\0001}{}% 118
\BOOKMARK [1][-]{section.21.1}{\376\377\060\020\147\037\116\055\200\003\060\021}{chapter.21}% 119
\BOOKMARK [1][-]{section.21.2}{\376\377\060\020\142\100\137\227\172\005\154\325\211\217\173\304\175\120\151\313\126\336\230\147\060\021}{chapter.21}% 120
\BOOKMARK [0][-]{chapter.22}{\376\377\0002\0000\0002\0003\0001\0001\0002\0000\000\137\0000\0002}{}% 121
\BOOKMARK [1][-]{section.22.1}{\376\377\060\020\176\174\176\214\150\235\145\207\150\263\164\006\060\021}{chapter.22}% 122
\BOOKMARK [2][-]{subsection.22.1.1}{\376\377\060\020\173\054\116\000\172\340\377\014\173\054\0007\150\235\215\167\060\021}{section.22.1}% 123
\BOOKMARK [2][-]{subsection.22.1.2}{\376\377\060\020\173\054\116\214\172\340\150\235\145\207\060\021}{section.22.1}% 124
\BOOKMARK [1][-]{section.22.2}{\376\377\060\020\150\235\145\207\150\263\164\006\377\014\134\017\175\120\060\021}{chapter.22}% 125
\BOOKMARK [0][-]{chapter.23}{\376\377\0002\0000\0002\0003\0001\0001\0002\0007\000\137\0000\0001}{}% 126
\BOOKMARK [1][-]{section.23.1}{\376\377\060\020\172\005\143\120\172\075\137\265\172\013\136\217\377\014\175\120\173\227\165\063\130\061\176\163\175\015\060\021}{chapter.23}% 127
\BOOKMARK [1][-]{section.23.2}{\376\377\060\020\156\242\176\163\172\005\153\076\217\324\220\204\000\040\000v\000s\000\040\220\000\175\146\172\005\153\076\060\021}{chapter.23}% 128
\BOOKMARK [1][-]{section.23.3}{\376\377\060\020\130\061\176\163\124\010\116\000\060\021}{chapter.23}% 129
\BOOKMARK [1][-]{section.23.4}{\376\377\060\020\132\132\131\373\215\337\133\266\136\255\060\021}{chapter.23}% 130
\BOOKMARK [0][-]{chapter.24}{\376\377\0002\0000\0002\0003\0001\0001\0002\0007\000\137\0000\0002}{}% 131
\BOOKMARK [1][-]{section.24.1}{\376\377\060\020\132\132\131\373\215\337\133\266\136\255\166\204\124\010\117\165\172\005\122\066\060\021}{chapter.24}% 132
\BOOKMARK [1][-]{section.24.2}{\376\377\060\020\132\132\131\373\060\021}{chapter.24}% 133
\BOOKMARK [1][-]{section.24.3}{\376\377\060\020\133\266\136\255\212\262\172\005\122\066\060\021}{chapter.24}% 134
\BOOKMARK [0][-]{chapter.25}{\376\377\0002\0000\0002\0003\0001\0002\0000\0004\000\137\0000\0001}{}% 135
\BOOKMARK [1][-]{section.25.1}{\376\377\060\020\134\061\156\220\142\143\176\163\172\013\136\217\060\021}{chapter.25}% 136
\BOOKMARK [1][-]{section.25.2}{\376\377\060\020\142\143\176\163\177\251\122\331\116\272\060\021}{chapter.25}% 137
\BOOKMARK [0][-]{chapter.26}{\376\377\0002\0000\0002\0003\0001\0002\0000\0004\000\137\0000\0002}{}% 138
\BOOKMARK [1][-]{section.26.1}{\376\377\060\020\142\143\176\163\177\251\122\331\166\204\121\147\133\271\060\021}{chapter.26}% 139
\BOOKMARK [1][-]{section.26.2}{\376\377\060\020\142\143\176\163\177\251\122\331\116\272\166\204\210\334\176\163\060\021}{chapter.26}% 140
\BOOKMARK [1][-]{section.26.3}{\376\377\060\020\142\143\176\163\177\251\122\331\116\272\166\204\122\066\210\301\060\021}{chapter.26}% 141
\BOOKMARK [1][-]{section.26.4}{\376\377\060\020\221\313\133\127\0006\0007\0003\206\137\060\021}{chapter.26}% 142
\BOOKMARK [1][-]{section.26.5}{\376\377\060\020\142\143\176\163\177\251\122\331\116\073\232\324\166\204\223\057\212\244\212\055\133\232\060\021}{chapter.26}% 143
\BOOKMARK [0][-]{chapter.27}{\376\377\0002\0000\0002\0003\0001\0002\0001\0001\000\137\0000\0001}{}% 144
\BOOKMARK [1][-]{section.27.1}{\376\377\060\020\134\061\156\220\142\143\176\163\172\013\136\217\060\021}{chapter.27}% 145
\BOOKMARK [1][-]{section.27.2}{\376\377\060\020\134\061\156\220\142\143\176\163\122\066\136\246\116\113\124\010\141\262\140\047\060\021}{chapter.27}% 146
\BOOKMARK [2][-]{subsection.27.2.1}{\376\377\060\020\130\203\131\026\142\100\137\227\200\005\060\021}{section.27.2}% 147
\BOOKMARK [2][-]{subsection.27.2.2}{\376\377\060\020\130\203\121\147\142\100\137\227\200\005\060\021}{section.27.2}% 148
\BOOKMARK [1][-]{section.27.3}{\376\377\060\020\142\143\176\163\177\251\122\331\116\272\060\021}{chapter.27}% 149
\BOOKMARK [1][-]{section.27.4}{\376\377\060\020\177\251\122\331\121\147\133\271\060\021}{chapter.27}% 150
\BOOKMARK [1][-]{section.27.5}{\376\377\060\020\214\254\116\373\120\265\122\331\060\021}{chapter.27}% 151
\BOOKMARK [1][-]{section.27.6}{\376\377\060\020\210\301\177\160\060\021}{chapter.27}% 152
\BOOKMARK [0][-]{chapter.28}{\376\377\0002\0000\0002\0003\0001\0002\0001\0001\000\137\0000\0002}{}% 153
\BOOKMARK [1][-]{section.28.1}{\376\377\060\020\176\214\212\307\134\061\156\220\142\143\176\163\060\021}{chapter.28}% 154
\BOOKMARK [1][-]{section.28.2}{\376\377\060\020\175\120\173\227\165\063\130\061\122\066\136\246\060\021}{chapter.28}% 155
\BOOKMARK [1][-]{section.28.3}{\376\377\060\020\177\251\122\331\220\125\123\315\116\113\122\066\210\301\060\021}{chapter.28}% 156
